<?xml version="1.0" encoding="UTF-8"?>
<!-- Generated by org.testng.reporters.JUnitReportReporter -->
<testsuite hostname="NODE49" name="junkinProject1.FirstJunkinTest" tests="1" failures="0" timestamp="10 Nov 2014 07:08:36 GMT" time="0.021" errors="0">
  <testcase name="firstTest" time="0.021" classname="junkinProject1.FirstJunkinTest"/>
</testsuite> <!-- junkinProject1.FirstJunkinTest -->
