<?xml version="1.0" encoding="UTF-8"?>
<!-- Generated by org.testng.reporters.JUnitReportReporter -->
<testsuite hostname="NODE49" name="junkinProject1.FirstJunkinTest" tests="1" failures="0" timestamp="7 Nov 2014 11:28:43 GMT" time="0.024" errors="0">
  <testcase name="firstTest" time="0.024" classname="junkinProject1.FirstJunkinTest"/>
</testsuite> <!-- junkinProject1.FirstJunkinTest -->
